<?xml version="1.0" encoding="UTF-8"?>
<!-- Generated by org.testng.reporters.JUnitReportReporter -->
<testsuite hostname="HOME" name="appNoReset.AppNoResetOne" tests="1" failures="0" timestamp="5 Nov 2016 19:32:02 GMT" time="0.011" errors="0">
  <testcase name="f" time="0.011" classname="appNoReset.AppNoResetOne"/>
</testsuite> <!-- appNoReset.AppNoResetOne -->
