<?xml version="1.0" encoding="UTF-8"?>
<!-- Generated by org.testng.reporters.JUnitReportReporter -->
<testsuite hostname="HOME" name="genOne.AndrKeyCodeOne" tests="1" failures="0" timestamp="6 Nov 2016 05:42:33 GMT" time="0.080" errors="0">
  <testcase name="f" time="0.080" classname="genOne.AndrKeyCodeOne"/>
</testsuite> <!-- genOne.AndrKeyCodeOne -->
