<?xml version="1.0" encoding="UTF-8"?>
<!-- Generated by org.testng.reporters.JUnitReportReporter -->
<testsuite hostname="HOME" name="genOne.NaviDrawerOne" tests="1" failures="0" timestamp="3 Dec 2016 18:37:56 GMT" time="10.038" errors="0">
  <testcase name="f" time="10.038" classname="genOne.NaviDrawerOne"/>
</testsuite> <!-- genOne.NaviDrawerOne -->
