<?xml version="1.0" encoding="UTF-8"?>
<!-- Generated by org.testng.reporters.JUnitReportReporter -->
<testsuite hostname="HOME" name="genOne.HideKeyBoardOne" tests="1" failures="0" timestamp="6 Nov 2016 07:00:21 GMT" time="7.586" errors="0">
  <testcase name="f" time="7.586" classname="genOne.HideKeyBoardOne"/>
</testsuite> <!-- genOne.HideKeyBoardOne -->
