<?xml version="1.0" encoding="UTF-8"?>
<!-- Generated by org.testng.reporters.JUnitReportReporter -->
<testsuite hostname="HOME" name="datePick.DatePickTwo" tests="1" failures="0" timestamp="25 Nov 2016 15:31:37 GMT" time="0.122" errors="0">
  <testcase name="f" time="0.122" classname="datePick.DatePickTwo"/>
</testsuite> <!-- datePick.DatePickTwo -->
